Crashlog created at 2012-07-05 22:43:38 -0300

=== MESSAGE:

Nanoc::Errors::UnknownLayout: The site does not have a layout with identifier “/head/”.

=== COMPILATION STACK:

  - [item]   / (rep default)

=== BACKTRACE:

  0. /usr/lib/ruby/gems/1.9.1/gems/nanoc-3.4.0/lib/nanoc/helpers/rendering.rb:83:in `render'
  1. layout /main-layouts/home/:9:in `block in render'
  2. /usr/lib/ruby/gems/1.9.1/gems/haml-3.1.6/lib/haml/engine.rb:191:in `eval'
  3. /usr/lib/ruby/gems/1.9.1/gems/haml-3.1.6/lib/haml/engine.rb:191:in `render'
  4. /usr/lib/ruby/gems/1.9.1/gems/nanoc-3.4.0/lib/nanoc/filters/haml.rb:23:in `run'
  5. /usr/lib/ruby/gems/1.9.1/gems/nanoc-3.4.0/lib/nanoc/base/result_data/item_rep.rb:408:in `layout'
  6. /usr/lib/ruby/gems/1.9.1/gems/nanoc-3.4.0/lib/nanoc/base/compilation/item_rep_proxy.rb:69:in `layout'
  7. /usr/lib/ruby/gems/1.9.1/gems/nanoc-3.4.0/lib/nanoc/base/compilation/rule_context.rb:67:in `layout'
  8. ./Rules:40:in `block in load'
  9. /usr/lib/ruby/gems/1.9.1/gems/nanoc-3.4.0/lib/nanoc/base/compilation/rule.rb:68:in `instance_eval'
  10. /usr/lib/ruby/gems/1.9.1/gems/nanoc-3.4.0/lib/nanoc/base/compilation/rule.rb:68:in `apply_to'
  11. /usr/lib/ruby/gems/1.9.1/gems/nanoc-3.4.0/lib/nanoc/base/compilation/compiler.rb:381:in `compile_rep'
  12. /usr/lib/ruby/gems/1.9.1/gems/nanoc-3.4.0/lib/nanoc/base/compilation/compiler.rb:337:in `block in compile_reps'
  13. /usr/lib/ruby/gems/1.9.1/gems/nanoc-3.4.0/lib/nanoc/base/compilation/compiler.rb:330:in `loop'
  14. /usr/lib/ruby/gems/1.9.1/gems/nanoc-3.4.0/lib/nanoc/base/compilation/compiler.rb:330:in `compile_reps'
  15. /usr/lib/ruby/gems/1.9.1/gems/nanoc-3.4.0/lib/nanoc/base/compilation/compiler.rb:85:in `run'
  16. /usr/lib/ruby/gems/1.9.1/gems/nanoc-3.4.0/lib/nanoc/base/source_data/site.rb:57:in `compile'
  17. /usr/lib/ruby/gems/1.9.1/gems/nanoc-3.4.0/lib/nanoc/cli/commands/compile.rb:57:in `run'
  18. /usr/lib/ruby/gems/1.9.1/gems/nanoc-3.4.0/lib/nanoc/cli/command_runner.rb:14:in `block in call'
  19. /usr/lib/ruby/gems/1.9.1/gems/nanoc-3.4.0/lib/nanoc/cli/error_handler.rb:63:in `handle_while'
  20. /usr/lib/ruby/gems/1.9.1/gems/nanoc-3.4.0/lib/nanoc/cli/error_handler.rb:26:in `handle_while'
  21. /usr/lib/ruby/gems/1.9.1/gems/nanoc-3.4.0/lib/nanoc/cli/command_runner.rb:13:in `call'
  22. /usr/lib/ruby/gems/1.9.1/gems/cri-2.3.0/lib/cri/command_dsl.rb:185:in `block in runner'
  23. /usr/lib/ruby/gems/1.9.1/gems/cri-2.3.0/lib/cri/command.rb:296:in `call'
  24. /usr/lib/ruby/gems/1.9.1/gems/cri-2.3.0/lib/cri/command.rb:296:in `run_this'
  25. /usr/lib/ruby/gems/1.9.1/gems/cri-2.3.0/lib/cri/command.rb:249:in `run'
  26. /usr/lib/ruby/gems/1.9.1/gems/cri-2.3.0/lib/cri/command.rb:262:in `run'
  27. /usr/lib/ruby/gems/1.9.1/gems/nanoc-3.4.0/lib/nanoc/cli.rb:47:in `block in run'
  28. /usr/lib/ruby/gems/1.9.1/gems/nanoc-3.4.0/lib/nanoc/cli/error_handler.rb:63:in `handle_while'
  29. /usr/lib/ruby/gems/1.9.1/gems/nanoc-3.4.0/lib/nanoc/cli/error_handler.rb:26:in `handle_while'
  30. /usr/lib/ruby/gems/1.9.1/gems/nanoc-3.4.0/lib/nanoc/cli.rb:44:in `run'
  31. /usr/lib/ruby/gems/1.9.1/gems/nanoc-3.4.0/bin/nanoc:19:in `<top (required)>'
  32. /usr/bin/nanoc:23:in `load'
  33. /usr/bin/nanoc:23:in `<main>'

=== VERSION INFORMATION:

nanoc 3.4.0 © 2007-2012 Denis Defreyne.
Running ruby 1.9.2 (2011-07-09) on x86_64-linux with RubyGems 1.8.23.

=== INSTALLED GEMS:

  colored 1.2
  cri 2.1.0, 2.2.1, 2.3.0
  ffi 1.0.11
  haml 3.1.4, 3.1.5, 3.1.6
  nanoc 3.2.4, 3.3.5, 3.3.6, 3.4.0
  nanoc3 3.2.4, 3.3.0
  rake 0.9.2.2
  rb-inotify 0.8.8
  rubygems-update 1.8.23, 1.8.24
  sass 3.1.13, 3.1.16, 3.1.17, 3.1.20

=== ENVIRONMENT:

COLORTERM => "gnome-terminal"
DBUS_SESSION_BUS_ADDRESS => "unix:abstract=/tmp/dbus-RKCbscVKw9,guid=7e7545b278a6415bfd9a53f700000397"
DEFAULTS_PATH => "/usr/share/gconf/gnome-classic.default.path"
DESKTOP_SESSION => "gnome-classic"
DISPLAY => ":0.0"
GDMSESSION => "gnome-classic"
GNOME_DESKTOP_SESSION_ID => "this-is-deprecated"
GNOME_KEYRING_CONTROL => "/tmp/keyring-sjLw8l"
GNOME_KEYRING_PID => "2242"
GPG_AGENT_INFO => "/tmp/keyring-sjLw8l/gpg:0:1"
GTK_MODULES => "canberra-gtk-module:canberra-gtk-module"
HOME => "/home/dientuki"
LANG => "en_US.UTF-8"
LESSCLOSE => "/usr/bin/lesspipe %s %s"
LESSOPEN => "| /usr/bin/lesspipe %s"
LOGNAME => "dientuki"
LS_COLORS => "rs=0:di=01;34:ln=01;36:mh=00:pi=40;33:so=01;35:do=01;35:bd=40;33;01:cd=40;33;01:or=40;31;01:su=37;41:sg=30;43:ca=30;41:tw=30;42:ow=34;42:st=37;44:ex=01;32:*.tar=01;31:*.tgz=01;31:*.arj=01;31:*.taz=01;31:*.lzh=01;31:*.lzma=01;31:*.tlz=01;31:*.txz=01;31:*.zip=01;31:*.z=01;31:*.Z=01;31:*.dz=01;31:*.gz=01;31:*.lz=01;31:*.xz=01;31:*.bz2=01;31:*.bz=01;31:*.tbz=01;31:*.tbz2=01;31:*.tz=01;31:*.deb=01;31:*.rpm=01;31:*.jar=01;31:*.rar=01;31:*.ace=01;31:*.zoo=01;31:*.cpio=01;31:*.7z=01;31:*.rz=01;31:*.jpg=01;35:*.jpeg=01;35:*.gif=01;35:*.bmp=01;35:*.pbm=01;35:*.pgm=01;35:*.ppm=01;35:*.tga=01;35:*.xbm=01;35:*.xpm=01;35:*.tif=01;35:*.tiff=01;35:*.png=01;35:*.svg=01;35:*.svgz=01;35:*.mng=01;35:*.pcx=01;35:*.mov=01;35:*.mpg=01;35:*.mpeg=01;35:*.m2v=01;35:*.mkv=01;35:*.ogm=01;35:*.mp4=01;35:*.m4v=01;35:*.mp4v=01;35:*.vob=01;35:*.qt=01;35:*.nuv=01;35:*.wmv=01;35:*.asf=01;35:*.rm=01;35:*.rmvb=01;35:*.flc=01;35:*.avi=01;35:*.fli=01;35:*.flv=01;35:*.gl=01;35:*.dl=01;35:*.xcf=01;35:*.xwd=01;35:*.yuv=01;35:*.cgm=01;35:*.emf=01;35:*.axv=01;35:*.anx=01;35:*.ogv=01;35:*.ogx=01;35:*.aac=00;36:*.au=00;36:*.flac=00;36:*.mid=00;36:*.midi=00;36:*.mka=00;36:*.mp3=00;36:*.mpc=00;36:*.ogg=00;36:*.ra=00;36:*.wav=00;36:*.axa=00;36:*.oga=00;36:*.spx=00;36:*.xspf=00;36:"
MANDATORY_PATH => "/usr/share/gconf/gnome-classic.mandatory.path"
NO_AT_BRIDGE => "1"
NO_GAIL => "1"
OLDPWD => "/www/tn/site"
PATH => "/usr/lib/lightdm/lightdm:/usr/local/sbin:/usr/local/bin:/usr/sbin:/usr/bin:/sbin:/bin:/usr/games"
PWD => "/www/mateclass/ag"
SESSION_MANAGER => "local/elizabeth:@/tmp/.ICE-unix/2251,unix/elizabeth:/tmp/.ICE-unix/2251"
SHELL => "/bin/bash"
SHLVL => "1"
SSH_AGENT_PID => "2284"
SSH_AUTH_SOCK => "/tmp/keyring-sjLw8l/ssh"
TERM => "xterm"
UBUNTU_MENUPROXY => "libappmenu.so"
USER => "dientuki"
USERNAME => "dientuki"
WINDOWID => "60817414"
XAUTHORITY => "/home/dientuki/.Xauthority"
XDG_CONFIG_DIRS => "/etc/xdg/xdg-gnome-classic:/etc/xdg"
XDG_CURRENT_DESKTOP => "GNOME"
XDG_DATA_DIRS => "/usr/share/gnome-classic:/usr/share/gnome:/usr/local/share/:/usr/share/"
XDG_SEAT_PATH => "/org/freedesktop/DisplayManager/Seat0"
XDG_SESSION_COOKIE => "79e577f785354482c6b334f40000001c-1341531460.188941-886908027"
XDG_SESSION_PATH => "/org/freedesktop/DisplayManager/Session0"
_ => "/usr/bin/nanoc"

=== $LOAD_PATH:

  0. /usr/lib/ruby/gems/1.9.1/gems/nanoc-3.4.0/lib
  1. /usr/lib/ruby/gems/1.9.1/gems/nanoc-3.4.0/lib
  2. /usr/lib/ruby/gems/1.9.1/gems/colored-1.2/lib
  3. /usr/lib/ruby/gems/1.9.1/gems/cri-2.3.0/lib
  4. /usr/lib/ruby/gems/1.9.1/gems/haml-3.1.6/lib
  5. /usr/local/lib/site_ruby/1.9.1
  6. /usr/local/lib/site_ruby/1.9.1/x86_64-linux
  7. /usr/local/lib/site_ruby
  8. /usr/lib/ruby/vendor_ruby/1.9.1
  9. /usr/lib/ruby/vendor_ruby/1.9.1/x86_64-linux
  10. /usr/lib/ruby/vendor_ruby
  11. /usr/lib/ruby/1.9.1
  12. /usr/lib/ruby/1.9.1/x86_64-linux
